C:\USERS\WENZI\DESKTOP\21121071 杨先津\动画\动画\RENDERATRIANGLE\DEBUG\PARTICLES.EXE
C:\USERS\WENZI\DESKTOP\21121071 杨先津\动画\动画\RENDERATRIANGLE\DEBUG\PARTICLES.ILK
C:\USERS\WENZI\DESKTOP\21121071 杨先津\动画\动画\RENDERATRIANGLE\DEBUG\PARTICLES.PDB
C:\USERS\WENZI\DESKTOP\21121071 杨先津\动画\动画\RENDERATRIANGLE\RENDERATRIANGLE\DEBUG\PARTICLES.EXE.EMBED.MANIFEST
C:\USERS\WENZI\DESKTOP\21121071 杨先津\动画\动画\RENDERATRIANGLE\RENDERATRIANGLE\DEBUG\PARTICLES.EXE.EMBED.MANIFEST.RES
C:\USERS\WENZI\DESKTOP\21121071 杨先津\动画\动画\RENDERATRIANGLE\RENDERATRIANGLE\DEBUG\PARTICLES.EXE.INTERMEDIATE.MANIFEST
C:\USERS\WENZI\DESKTOP\21121071 杨先津\动画\动画\RENDERATRIANGLE\RENDERATRIANGLE\DEBUG\PARTICLESGS.OBJ
C:\USERS\WENZI\DESKTOP\21121071 杨先津\动画\动画\RENDERATRIANGLE\RENDERATRIANGLE\DEBUG\RENDERATRIANGLE.RES
C:\USERS\WENZI\DESKTOP\21121071 杨先津\动画\动画\RENDERATRIANGLE\RENDERATRIANGLE\DEBUG\VC100.PDB
C:\USERS\WENZI\DESKTOP\计算机动画 11221034 赵海明\RENDERATRIANGLE\DEBUG\PARTICLES.EXE
C:\USERS\WENZI\DESKTOP\计算机动画 11221034 赵海明\RENDERATRIANGLE\DEBUG\PARTICLES.ILK
C:\USERS\WENZI\DESKTOP\计算机动画 11221034 赵海明\RENDERATRIANGLE\DEBUG\PARTICLES.PDB
C:\Users\wenzi\Desktop\计算机动画 11221034 赵海明\RenderATriangle\RenderATriangle\Debug\cl.command.1.tlog
C:\Users\wenzi\Desktop\计算机动画 11221034 赵海明\RenderATriangle\RenderATriangle\Debug\CL.read.1.tlog
C:\Users\wenzi\Desktop\计算机动画 11221034 赵海明\RenderATriangle\RenderATriangle\Debug\CL.write.1.tlog
C:\Users\wenzi\Desktop\计算机动画 11221034 赵海明\RenderATriangle\RenderATriangle\Debug\link.command.1.tlog
C:\Users\wenzi\Desktop\计算机动画 11221034 赵海明\RenderATriangle\RenderATriangle\Debug\link.read.1.tlog
C:\Users\wenzi\Desktop\计算机动画 11221034 赵海明\RenderATriangle\RenderATriangle\Debug\link.write.1.tlog
C:\Users\wenzi\Desktop\计算机动画 11221034 赵海明\RenderATriangle\RenderATriangle\Debug\link-cvtres.read.1.tlog
C:\Users\wenzi\Desktop\计算机动画 11221034 赵海明\RenderATriangle\RenderATriangle\Debug\link-cvtres.write.1.tlog
C:\Users\wenzi\Desktop\计算机动画 11221034 赵海明\RenderATriangle\RenderATriangle\Debug\mt.command.1.tlog
C:\Users\wenzi\Desktop\计算机动画 11221034 赵海明\RenderATriangle\RenderATriangle\Debug\mt.read.1.tlog
C:\Users\wenzi\Desktop\计算机动画 11221034 赵海明\RenderATriangle\RenderATriangle\Debug\mt.write.1.tlog
C:\Users\wenzi\Desktop\计算机动画 11221034 赵海明\RenderATriangle\RenderATriangle\Debug\Particles.exe.embed.manifest
C:\USERS\WENZI\DESKTOP\计算机动画 11221034 赵海明\RENDERATRIANGLE\RENDERATRIANGLE\DEBUG\PARTICLES.EXE.EMBED.MANIFEST.RES
C:\USERS\WENZI\DESKTOP\计算机动画 11221034 赵海明\RENDERATRIANGLE\RENDERATRIANGLE\DEBUG\PARTICLES.EXE.INTERMEDIATE.MANIFEST
C:\Users\wenzi\Desktop\计算机动画 11221034 赵海明\RenderATriangle\RenderATriangle\Debug\Particles_manifest.rc
C:\USERS\WENZI\DESKTOP\计算机动画 11221034 赵海明\RENDERATRIANGLE\RENDERATRIANGLE\DEBUG\PARTICLESGS.OBJ
C:\Users\wenzi\Desktop\计算机动画 11221034 赵海明\RenderATriangle\RenderATriangle\Debug\rc.command.1.tlog
C:\Users\wenzi\Desktop\计算机动画 11221034 赵海明\RenderATriangle\RenderATriangle\Debug\rc.read.1.tlog
C:\Users\wenzi\Desktop\计算机动画 11221034 赵海明\RenderATriangle\RenderATriangle\Debug\rc.write.1.tlog
C:\USERS\WENZI\DESKTOP\计算机动画 11221034 赵海明\RENDERATRIANGLE\RENDERATRIANGLE\DEBUG\RENDERATRIANGLE.RES
C:\Users\wenzi\Desktop\计算机动画 11221034 赵海明\RenderATriangle\RenderATriangle\Debug\vc100.idb
C:\USERS\WENZI\DESKTOP\计算机动画 11221034 赵海明\RENDERATRIANGLE\RENDERATRIANGLE\DEBUG\VC100.PDB
C:\USERS\WENZI\DESKTOP\计算机动画\21121071 杨先津\动画\动画\RENDERATRIANGLE\DEBUG\PARTICLES.EXE
C:\USERS\WENZI\DESKTOP\计算机动画\21121071 杨先津\动画\动画\RENDERATRIANGLE\DEBUG\PARTICLES.ILK
C:\USERS\WENZI\DESKTOP\计算机动画\21121071 杨先津\动画\动画\RENDERATRIANGLE\DEBUG\PARTICLES.PDB
C:\USERS\WENZI\DESKTOP\计算机动画\21121071 杨先津\动画\动画\RENDERATRIANGLE\RENDERATRIANGLE\DEBUG\PARTICLES.EXE.EMBED.MANIFEST.RES
C:\USERS\WENZI\DESKTOP\计算机动画\21121071 杨先津\动画\动画\RENDERATRIANGLE\RENDERATRIANGLE\DEBUG\PARTICLES.EXE.INTERMEDIATE.MANIFEST
C:\USERS\WENZI\DESKTOP\计算机动画\21121071 杨先津\动画\动画\RENDERATRIANGLE\RENDERATRIANGLE\DEBUG\PARTICLESGS.OBJ
C:\USERS\WENZI\DESKTOP\计算机动画\21121071 杨先津\动画\动画\RENDERATRIANGLE\RENDERATRIANGLE\DEBUG\RENDERATRIANGLE.RES
C:\USERS\WENZI\DESKTOP\计算机动画\21121071 杨先津\动画\动画\RENDERATRIANGLE\RENDERATRIANGLE\DEBUG\VC100.PDB
